\BOOKMARK [0][-]{chapter.1}{Intelligence}{}% 1
\BOOKMARK [1][-]{section.1.1}{Intelligence}{chapter.1}% 2
\BOOKMARK [1][-]{section.1.2}{Creating Intelligence}{chapter.1}% 3
\BOOKMARK [0][-]{chapter.2}{Probability \046 Statistics}{}% 4
\BOOKMARK [1][-]{section.2.1}{Probability Basics}{chapter.2}% 5
\BOOKMARK [2][-]{subsection.2.1.1}{Definitions}{section.2.1}% 6
\BOOKMARK [2][-]{subsection.2.1.2}{Distributions}{section.2.1}% 7
\BOOKMARK [0][-]{chapter.3}{Information Theory}{}% 8
\BOOKMARK [1][-]{section.3.1}{Basic Concepts}{chapter.3}% 9
\BOOKMARK [0][-]{chapter.4}{Neuroscience}{}% 10
\BOOKMARK [1][-]{section.4.1}{Neurons}{chapter.4}% 11
\BOOKMARK [1][-]{section.4.2}{Neural Circuits}{chapter.4}% 12
\BOOKMARK [1][-]{section.4.3}{Brain Structures}{chapter.4}% 13
\BOOKMARK [0][-]{chapter.5}{Neural Networks}{}% 14
\BOOKMARK [1][-]{section.5.1}{Basics}{chapter.5}% 15
\BOOKMARK [2][-]{subsection.5.1.1}{Linear Threshold Units}{section.5.1}% 16
\BOOKMARK [2][-]{subsection.5.1.2}{Multi-Layer Perceptrons}{section.5.1}% 17
\BOOKMARK [2][-]{subsection.5.1.3}{Backpropagation}{section.5.1}% 18
\BOOKMARK [0][-]{chapter.6}{Graphical Models}{}% 19
\BOOKMARK [1][-]{section.6.1}{Basics}{chapter.6}% 20
\BOOKMARK [1][-]{section.6.2}{Variational Inference}{chapter.6}% 21
\BOOKMARK [2][-]{subsection.6.2.1}{Inference as Optimization: Deriving the ELBO}{section.6.2}% 22
\BOOKMARK [2][-]{subsection.6.2.2}{Normalizing Flows}{section.6.2}% 23
\BOOKMARK [1][-]{section.6.3}{Latent Variable Models}{chapter.6}% 24
\BOOKMARK [2][-]{subsection.6.3.1}{Temporal Latent Variable Models}{section.6.3}% 25
\BOOKMARK [0][-]{chapter.7}{Representation Learning}{}% 26
\BOOKMARK [1][-]{section.7.1}{Motivation \046 Definitions}{chapter.7}% 27
\BOOKMARK [1][-]{section.7.2}{Representation Learning Without a Task}{chapter.7}% 28
\BOOKMARK [1][-]{section.7.3}{Disentangled Representations}{chapter.7}% 29
\BOOKMARK [0][-]{chapter.8}{Reinforcement Learning}{}% 30
\BOOKMARK [1][-]{section.8.1}{The RL Problem Setting}{chapter.8}% 31
\BOOKMARK [2][-]{subsection.8.1.1}{The Basics}{section.8.1}% 32
\BOOKMARK [2][-]{subsection.8.1.2}{Summary of Notation}{section.8.1}% 33
\BOOKMARK [1][-]{section.8.2}{Value Based Methods}{chapter.8}% 34
\BOOKMARK [2][-]{subsection.8.2.1}{Multi-Armed Bandits}{section.8.2}% 35
\BOOKMARK [2][-]{subsection.8.2.2}{Dynamic Programming Methods}{section.8.2}% 36
\BOOKMARK [2][-]{subsection.8.2.3}{Monte Carlo Methods}{section.8.2}% 37
\BOOKMARK [2][-]{subsection.8.2.4}{TD Learning}{section.8.2}% 38
\BOOKMARK [1][-]{section.8.3}{Policy Gradient Methods}{chapter.8}% 39
\BOOKMARK [2][-]{subsection.8.3.1}{REINFORCE}{section.8.3}% 40
\BOOKMARK [2][-]{subsection.8.3.2}{Actor-Critic Methods}{section.8.3}% 41
\BOOKMARK [1][-]{section.8.4}{Intrinsically Motivated RL}{chapter.8}% 42
\BOOKMARK [0][-]{chapter.9}{Predictive Coding}{}% 43
\BOOKMARK [1][-]{section.9.1}{Introduction}{chapter.9}% 44
\BOOKMARK [2][-]{subsection.9.1.1}{Literature Summary}{section.9.1}% 45
\BOOKMARK [1][-]{section.9.2}{The Static Setting}{chapter.9}% 46
\BOOKMARK [2][-]{subsection.9.2.1}{MAP State Estimation in a One\205Level Model}{section.9.2}% 47
\BOOKMARK [1][-]{section.9.3}{The Dynamic Setting}{chapter.9}% 48
\BOOKMARK [1][-]{section.9.4}{Attention}{chapter.9}% 49
\BOOKMARK [1][-]{section.9.5}{Active Inference}{chapter.9}% 50
\BOOKMARK [1][-]{section.9.6}{Neural Implementation}{chapter.9}% 51
\BOOKMARK [2][-]{subsection.9.6.1}{Correspondence with Cortical Mircrocircuits}{section.9.6}% 52
\BOOKMARK [0][-]{chapter.10}{Experiment Best Practices}{}% 53
\BOOKMARK [1][-]{section.10.1}{GitHub}{chapter.10}% 54
\BOOKMARK [1][-]{section.10.2}{Experiment Logging}{chapter.10}% 55
\BOOKMARK [1][-]{section.10.3}{Plotting}{chapter.10}% 56
\BOOKMARK [0][-]{appendix.A}{Appendix 1}{}% 57
